# JRE version: OpenJDK Runtime Environment Temurin-21.0.9+10 (21.0.9+10) (build 21.0.9+10-LTS)
# Java VM: OpenJDK 64-Bit Server VM Temurin-21.0.9+10 (21.0.9+10-LTS, mixed mode, sharing, tiered, compressed oops, compressed class ptrs, parallel gc, windows-amd64)
GC Precious Log:
 CardTable entry size: 512
 CPUs: 8 total, 8 available
 Memory: 24444M
 Large Page Support: Disabled
 NUMA Support: Disabled
 Compressed Oops: Enabled (32-bit)
 Alignments: Space 512K, Generation 512K, Heap 2M
 Heap Min Capacity: 100M
 Heap Initial Capacity: 100M
 Heap Max Capacity: 2G
 Pre-touch: Disabled
 Parallel Workers: 8
Heap:
 PSYoungGen      total 18944K, used 15322K [0x00000000d5580000, 0x00000000d7080000, 0x0000000100000000)
  eden space 16384K, 77% used [0x00000000d5580000,0x00000000d61fadf8,0x00000000d6580000)
  from space 2560K, 99% used [0x00000000d6e00000,0x00000000d707bb20,0x00000000d7080000)
  to   space 3072K, 0% used [0x00000000d6a80000,0x00000000d6a80000,0x00000000d6d80000)
 ParOldGen       total 1398272K, used 356188K [0x0000000080000000, 0x00000000d5580000, 0x00000000d5580000)
  object space 1398272K, 25% used [0x0000000080000000,0x0000000095bd7280,0x00000000d5580000)
 Metaspace       used 89610K, committed 91200K, reserved 1179648K
  class space    used 9127K, committed 9856K, reserved 1048576K
GC Heap History (20 events):
Event: 1516.907 GC heap before
{Heap before GC invocations=669 (full 6):
 PSYoungGen      total 23552K, used 23174K [0x00000000d5580000, 0x00000000d7500000, 0x0000000100000000)
  eden space 14848K, 100% used [0x00000000d5580000,0x00000000d6400000,0x00000000d6400000)
  from space 8704K, 95% used [0x00000000d6c80000,0x00000000d74a1a00,0x00000000d7500000)
  to   space 8704K, 0% used [0x00000000d6400000,0x00000000d6400000,0x00000000d6c80000)
 ParOldGen       total 1398272K, used 320352K [0x0000000080000000, 0x00000000d5580000, 0x00000000d5580000)
  object space 1398272K, 22% used [0x0000000080000000,0x00000000938d8360,0x00000000d5580000)
 Metaspace       used 89337K, committed 91008K, reserved 1179648K
  class space    used 9101K, committed 9856K, reserved 1048576K
}
Event: 1516.912 GC heap after
{Heap after GC invocations=669 (full 6):
 PSYoungGen      total 23552K, used 8566K [0x00000000d5580000, 0x00000000d7580000, 0x0000000100000000)
  eden space 14848K, 0% used [0x00000000d5580000,0x00000000d5580000,0x00000000d6400000)
  from space 8704K, 98% used [0x00000000d6400000,0x00000000d6c5da30,0x00000000d6c80000)
  to   space 8704K, 0% used [0x00000000d6d00000,0x00000000d6d00000,0x00000000d7580000)
 ParOldGen       total 1398272K, used 320352K [0x0000000080000000, 0x00000000d5580000, 0x00000000d5580000)
  object space 1398272K, 22% used [0x0000000080000000,0x00000000938d8360,0x00000000d5580000)
 Metaspace       used 89337K, committed 91008K, reserved 1179648K
  class space    used 9101K, committed 9856K, reserved 1048576K
}
Event: 1518.549 GC heap before
{Heap before GC invocations=670 (full 6):
 PSYoungGen      total 23552K, used 23414K [0x00000000d5580000, 0x00000000d7580000, 0x0000000100000000)
  eden space 14848K, 100% used [0x00000000d5580000,0x00000000d6400000,0x00000000d6400000)
  from space 8704K, 98% used [0x00000000d6400000,0x00000000d6c5da30,0x00000000d6c80000)
  to   space 8704K, 0% used [0x00000000d6d00000,0x00000000d6d00000,0x00000000d7580000)
 ParOldGen       total 1398272K, used 320352K [0x0000000080000000, 0x00000000d5580000, 0x00000000d5580000)
  object space 1398272K, 22% used [0x0000000080000000,0x00000000938d8360,0x00000000d5580000)
 Metaspace       used 89354K, committed 91072K, reserved 1179648K
  class space    used 9101K, committed 9856K, reserved 1048576K
}
Event: 1518.553 GC heap after
{Heap after GC invocations=670 (full 6):
 PSYoungGen      total 21504K, used 5692K [0x00000000d5580000, 0x00000000d7300000, 0x0000000100000000)
  eden space 15360K, 0% used [0x00000000d5580000,0x00000000d5580000,0x00000000d6480000)
  from space 6144K, 92% used [0x00000000d6d00000,0x00000000d728f110,0x00000000d7300000)
  to   space 7168K, 0% used [0x00000000d6500000,0x00000000d6500000,0x00000000d6c00000)
 ParOldGen       total 1398272K, used 323333K [0x0000000080000000, 0x00000000d5580000, 0x00000000d5580000)
  object space 1398272K, 23% used [0x0000000080000000,0x0000000093bc15e8,0x00000000d5580000)
 Metaspace       used 89354K, committed 91072K, reserved 1179648K
  class space    used 9101K, committed 9856K, reserved 1048576K
}
Event: 1518.966 GC heap before
{Heap before GC invocations=671 (full 6):
 PSYoungGen      total 21504K, used 21052K [0x00000000d5580000, 0x00000000d7300000, 0x0000000100000000)
  eden space 15360K, 99% used [0x00000000d5580000,0x00000000d647ffe0,0x00000000d6480000)
  from space 6144K, 92% used [0x00000000d6d00000,0x00000000d728f110,0x00000000d7300000)
  to   space 7168K, 0% used [0x00000000d6500000,0x00000000d6500000,0x00000000d6c00000)
 ParOldGen       total 1398272K, used 323333K [0x0000000080000000, 0x00000000d5580000, 0x00000000d5580000)
  object space 1398272K, 23% used [0x0000000080000000,0x0000000093bc15e8,0x00000000d5580000)
 Metaspace       used 89379K, committed 91072K, reserved 1179648K
  class space    used 9101K, committed 9856K, reserved 1048576K
}
Event: 1518.970 GC heap after
{Heap after GC invocations=671 (full 6):
 PSYoungGen      total 23040K, used 7147K [0x00000000d5580000, 0x00000000d7500000, 0x0000000100000000)
  eden space 15872K, 0% used [0x00000000d5580000,0x00000000d5580000,0x00000000d6500000)
  from space 7168K, 99% used [0x00000000d6500000,0x00000000d6bfac10,0x00000000d6c00000)
  to   space 8192K, 0% used [0x00000000d6d00000,0x00000000d6d00000,0x00000000d7500000)
 ParOldGen       total 1398272K, used 323620K [0x0000000080000000, 0x00000000d5580000, 0x00000000d5580000)
  object space 1398272K, 23% used [0x0000000080000000,0x0000000093c09200,0x00000000d5580000)
 Metaspace       used 89379K, committed 91072K, reserved 1179648K
  class space    used 9101K, committed 9856K, reserved 1048576K
}
Event: 1520.671 GC heap before
{Heap before GC invocations=672 (full 6):
 PSYoungGen      total 23040K, used 23015K [0x00000000d5580000, 0x00000000d7500000, 0x0000000100000000)
  eden space 15872K, 99% used [0x00000000d5580000,0x00000000d64ff258,0x00000000d6500000)
  from space 7168K, 99% used [0x00000000d6500000,0x00000000d6bfac10,0x00000000d6c00000)
  to   space 8192K, 0% used [0x00000000d6d00000,0x00000000d6d00000,0x00000000d7500000)
 ParOldGen       total 1398272K, used 323620K [0x0000000080000000, 0x00000000d5580000, 0x00000000d5580000)
  object space 1398272K, 23% used [0x0000000080000000,0x0000000093c09200,0x00000000d5580000)
 Metaspace       used 89506K, committed 91136K, reserved 1179648K
  class space    used 9122K, committed 9856K, reserved 1048576K
}
Event: 1520.675 GC heap after
{Heap after GC invocations=672 (full 6):
 PSYoungGen      total 22016K, used 8163K [0x00000000d5580000, 0x00000000d7980000, 0x0000000100000000)
  eden space 13824K, 0% used [0x00000000d5580000,0x00000000d5580000,0x00000000d6300000)
  from space 8192K, 99% used [0x00000000d6d00000,0x00000000d74f8d58,0x00000000d7500000)
  to   space 10240K, 0% used [0x00000000d6300000,0x00000000d6300000,0x00000000d6d00000)
 ParOldGen       total 1398272K, used 324917K [0x0000000080000000, 0x00000000d5580000, 0x00000000d5580000)
  object space 1398272K, 23% used [0x0000000080000000,0x0000000093d4d540,0x00000000d5580000)
 Metaspace       used 89506K, committed 91136K, reserved 1179648K
  class space    used 9122K, committed 9856K, reserved 1048576K
}
Event: 1520.714 GC heap before
{Heap before GC invocations=673 (full 6):
 PSYoungGen      total 22016K, used 21987K [0x00000000d5580000, 0x00000000d7980000, 0x0000000100000000)
  eden space 13824K, 100% used [0x00000000d5580000,0x00000000d6300000,0x00000000d6300000)
  from space 8192K, 99% used [0x00000000d6d00000,0x00000000d74f8d58,0x00000000d7500000)
  to   space 10240K, 0% used [0x00000000d6300000,0x00000000d6300000,0x00000000d6d00000)
 ParOldGen       total 1398272K, used 324917K [0x0000000080000000, 0x00000000d5580000, 0x00000000d5580000)
  object space 1398272K, 23% used [0x0000000080000000,0x0000000093d4d540,0x00000000d5580000)
 Metaspace       used 89508K, committed 91136K, reserved 1179648K
  class space    used 9123K, committed 9856K, reserved 1048576K
}
Event: 1520.720 GC heap after
{Heap after GC invocations=673 (full 6):
 PSYoungGen      total 24064K, used 10218K [0x00000000d5580000, 0x00000000d8680000, 0x0000000100000000)
  eden space 13824K, 0% used [0x00000000d5580000,0x00000000d5580000,0x00000000d6300000)
  from space 10240K, 99% used [0x00000000d6300000,0x00000000d6cfa8d8,0x00000000d6d00000)
  to   space 17920K, 0% used [0x00000000d7500000,0x00000000d7500000,0x00000000d8680000)
 ParOldGen       total 1398272K, used 331115K [0x0000000080000000, 0x00000000d5580000, 0x00000000d5580000)
  object space 1398272K, 23% used [0x0000000080000000,0x000000009435af48,0x00000000d5580000)
 Metaspace       used 89508K, committed 91136K, reserved 1179648K
  class space    used 9123K, committed 9856K, reserved 1048576K
}
Event: 1520.799 GC heap before
{Heap before GC invocations=674 (full 6):
 PSYoungGen      total 24064K, used 24042K [0x00000000d5580000, 0x00000000d8680000, 0x0000000100000000)
  eden space 13824K, 100% used [0x00000000d5580000,0x00000000d6300000,0x00000000d6300000)
  from space 10240K, 99% used [0x00000000d6300000,0x00000000d6cfa8d8,0x00000000d6d00000)
  to   space 17920K, 0% used [0x00000000d7500000,0x00000000d7500000,0x00000000d8680000)
 ParOldGen       total 1398272K, used 331115K [0x0000000080000000, 0x00000000d5580000, 0x00000000d5580000)
  object space 1398272K, 23% used [0x0000000080000000,0x000000009435af48,0x00000000d5580000)
 Metaspace       used 89511K, committed 91136K, reserved 1179648K
  class space    used 9123K, committed 9856K, reserved 1048576K
}
Event: 1520.802 GC heap after
{Heap after GC invocations=674 (full 6):
 PSYoungGen      total 23040K, used 8432K [0x00000000d5580000, 0x00000000d7d80000, 0x0000000100000000)
  eden space 14336K, 0% used [0x00000000d5580000,0x00000000d5580000,0x00000000d6380000)
  from space 8704K, 96% used [0x00000000d7500000,0x00000000d7d3c2f0,0x00000000d7d80000)
  to   space 11776K, 0% used [0x00000000d6680000,0x00000000d6680000,0x00000000d7200000)
 ParOldGen       total 1398272K, used 332840K [0x0000000080000000, 0x00000000d5580000, 0x00000000d5580000)
  object space 1398272K, 23% used [0x0000000080000000,0x000000009450a190,0x00000000d5580000)
 Metaspace       used 89511K, committed 91136K, reserved 1179648K
  class space    used 9123K, committed 9856K, reserved 1048576K
}
Event: 1521.302 GC heap before
{Heap before GC invocations=675 (full 6):
 PSYoungGen      total 23040K, used 22768K [0x00000000d5580000, 0x00000000d7d80000, 0x0000000100000000)
  eden space 14336K, 100% used [0x00000000d5580000,0x00000000d6380000,0x00000000d6380000)
  from space 8704K, 96% used [0x00000000d7500000,0x00000000d7d3c2f0,0x00000000d7d80000)
  to   space 11776K, 0% used [0x00000000d6680000,0x00000000d6680000,0x00000000d7200000)
 ParOldGen       total 1398272K, used 355880K [0x0000000080000000, 0x00000000d5580000, 0x00000000d5580000)
  object space 1398272K, 25% used [0x0000000080000000,0x0000000095b8a1b0,0x00000000d5580000)
 Metaspace       used 89527K, committed 91200K, reserved 1179648K
  class space    used 9123K, committed 9856K, reserved 1048576K
}
Event: 1521.304 GC heap after
{Heap after GC invocations=675 (full 6):
 PSYoungGen      total 17920K, used 2765K [0x00000000d5580000, 0x00000000d7580000, 0x0000000100000000)
  eden space 14848K, 0% used [0x00000000d5580000,0x00000000d5580000,0x00000000d6400000)
  from space 3072K, 90% used [0x00000000d6680000,0x00000000d6933610,0x00000000d6980000)
  to   space 5632K, 0% used [0x00000000d7000000,0x00000000d7000000,0x00000000d7580000)
 ParOldGen       total 1398272K, used 355880K [0x0000000080000000, 0x00000000d5580000, 0x00000000d5580000)
  object space 1398272K, 25% used [0x0000000080000000,0x0000000095b8a1b0,0x00000000d5580000)
 Metaspace       used 89527K, committed 91200K, reserved 1179648K
  class space    used 9123K, committed 9856K, reserved 1048576K
}
Event: 1521.332 GC heap before
{Heap before GC invocations=676 (full 6):
 PSYoungGen      total 17920K, used 17613K [0x00000000d5580000, 0x00000000d7580000, 0x0000000100000000)
  eden space 14848K, 100% used [0x00000000d5580000,0x00000000d6400000,0x00000000d6400000)
  from space 3072K, 90% used [0x00000000d6680000,0x00000000d6933610,0x00000000d6980000)
  to   space 5632K, 0% used [0x00000000d7000000,0x00000000d7000000,0x00000000d7580000)
 ParOldGen       total 1398272K, used 355880K [0x0000000080000000, 0x00000000d5580000, 0x00000000d5580000)
  object space 1398272K, 25% used [0x0000000080000000,0x0000000095b8a1b0,0x00000000d5580000)
 Metaspace       used 89529K, committed 91200K, reserved 1179648K
  class space    used 9123K, committed 9856K, reserved 1048576K
}
Event: 1521.335 GC heap after
{Heap after GC invocations=676 (full 6):
 PSYoungGen      total 19456K, used 3837K [0x00000000d5580000, 0x00000000d7400000, 0x0000000100000000)
  eden space 15360K, 0% used [0x00000000d5580000,0x00000000d5580000,0x00000000d6480000)
  from space 4096K, 93% used [0x00000000d7000000,0x00000000d73bf600,0x00000000d7400000)
  to   space 4608K, 0% used [0x00000000d6b00000,0x00000000d6b00000,0x00000000d6f80000)
 ParOldGen       total 1398272K, used 355880K [0x0000000080000000, 0x00000000d5580000, 0x00000000d5580000)
  object space 1398272K, 25% used [0x0000000080000000,0x0000000095b8a1b0,0x00000000d5580000)
 Metaspace       used 89529K, committed 91200K, reserved 1179648K
  class space    used 9123K, committed 9856K, reserved 1048576K
}
Event: 1693.573 GC heap before
{Heap before GC invocations=677 (full 6):
 PSYoungGen      total 19456K, used 19197K [0x00000000d5580000, 0x00000000d7400000, 0x0000000100000000)
  eden space 15360K, 100% used [0x00000000d5580000,0x00000000d6480000,0x00000000d6480000)
  from space 4096K, 93% used [0x00000000d7000000,0x00000000d73bf600,0x00000000d7400000)
  to   space 4608K, 0% used [0x00000000d6b00000,0x00000000d6b00000,0x00000000d6f80000)
 ParOldGen       total 1398272K, used 355880K [0x0000000080000000, 0x00000000d5580000, 0x00000000d5580000)
  object space 1398272K, 25% used [0x0000000080000000,0x0000000095b8a1b0,0x00000000d5580000)
 Metaspace       used 89549K, committed 91200K, reserved 1179648K
  class space    used 9123K, committed 9856K, reserved 1048576K
}
Event: 1693.577 GC heap after
{Heap after GC invocations=677 (full 6):
 PSYoungGen      total 18944K, used 2665K [0x00000000d5580000, 0x00000000d7080000, 0x0000000100000000)
  eden space 15872K, 0% used [0x00000000d5580000,0x00000000d5580000,0x00000000d6500000)
  from space 3072K, 86% used [0x00000000d6b00000,0x00000000d6d9a420,0x00000000d6e00000)
  to   space 2560K, 0% used [0x00000000d6e00000,0x00000000d6e00000,0x00000000d7080000)
 ParOldGen       total 1398272K, used 355880K [0x0000000080000000, 0x00000000d5580000, 0x00000000d5580000)
  object space 1398272K, 25% used [0x0000000080000000,0x0000000095b8a1b0,0x00000000d5580000)
 Metaspace       used 89549K, committed 91200K, reserved 1179648K
  class space    used 9123K, committed 9856K, reserved 1048576K
}
Event: 1742.454 GC heap before
{Heap before GC invocations=678 (full 6):
 PSYoungGen      total 18944K, used 18537K [0x00000000d5580000, 0x00000000d7080000, 0x0000000100000000)
  eden space 15872K, 100% used [0x00000000d5580000,0x00000000d6500000,0x00000000d6500000)
  from space 3072K, 86% used [0x00000000d6b00000,0x00000000d6d9a420,0x00000000d6e00000)
  to   space 2560K, 0% used [0x00000000d6e00000,0x00000000d6e00000,0x00000000d7080000)
 ParOldGen       total 1398272K, used 355880K [0x0000000080000000, 0x00000000d5580000, 0x00000000d5580000)
  object space 1398272K, 25% used [0x0000000080000000,0x0000000095b8a1b0,0x00000000d5580000)
 Metaspace       used 89557K, committed 91200K, reserved 1179648K
  class space    used 9123K, committed 9856K, reserved 1048576K
}
Event: 1742.456 GC heap after
{Heap after GC invocations=678 (full 6):
 PSYoungGen      total 18944K, used 2542K [0x00000000d5580000, 0x00000000d7080000, 0x0000000100000000)
  eden space 16384K, 0% used [0x00000000d5580000,0x00000000d5580000,0x00000000d6580000)
  from space 2560K, 99% used [0x00000000d6e00000,0x00000000d707bb20,0x00000000d7080000)
  to   space 3072K, 0% used [0x00000000d6a80000,0x00000000d6a80000,0x00000000d6d80000)
 ParOldGen       total 1398272K, used 356188K [0x0000000080000000, 0x00000000d5580000, 0x00000000d5580000)
  object space 1398272K, 25% used [0x0000000080000000,0x0000000095bd7280,0x00000000d5580000)
 Metaspace       used 89557K, committed 91200K, reserved 1179648K
  class space    used 9123K, committed 9856K, reserved 1048576K
}

